        -:    0:Source:dominion.c
        -:    0:Graph:dominion.gcno
        -:    0:Data:dominion.gcda
        -:    0:Runs:1
        -:    0:Programs:1
        -:    1:#include "dominion.h"
        -:    2:#include "dominion_helpers.h"
        -:    3:#include "rngs.h"
        -:    4:#include <stdio.h>
        -:    5:#include <math.h>
        -:    6:#include <stdlib.h>
        -:    7:
     9732:    8:int compare(const void* a, const void* b) {
     9732:    9:  if (*(int*)a > *(int*)b)
    #####:   10:    return 1;
     9732:   11:  if (*(int*)a < *(int*)b)
     2440:   12:    return -1;
     7292:   13:  return 0;
        -:   14:}
        -:   15:
    #####:   16:struct gameState* newGame() {
    #####:   17:  struct gameState* g = malloc(sizeof(struct gameState));
    #####:   18:  return g;
        -:   19:}
        -:   20:
    #####:   21:int* kingdomCards(int k1, int k2, int k3, int k4, int k5, int k6, int k7,
        -:   22:		  int k8, int k9, int k10) {
    #####:   23:  int* k = malloc(10 * sizeof(int));
    #####:   24:  k[0] = k1;
    #####:   25:  k[1] = k2;
    #####:   26:  k[2] = k3;
    #####:   27:  k[3] = k4;
    #####:   28:  k[4] = k5;
    #####:   29:  k[5] = k6;
    #####:   30:  k[6] = k7;
    #####:   31:  k[7] = k8;
    #####:   32:  k[8] = k9;
    #####:   33:  k[9] = k10;
    #####:   34:  return k;
        -:   35:}
        -:   36:
      200:   37:int initializeGame(int numPlayers, int kingdomCards[10], int randomSeed,
        -:   38:		   struct gameState *state) {
        -:   39:
        -:   40:  int i;
        -:   41:  int j;
        -:   42:  int it;			
        -:   43:  //set up random number generator
      200:   44:  SelectStream(1);
      200:   45:  PutSeed((long)randomSeed);
        -:   46:  
        -:   47:  //check number of players
      200:   48:  if (numPlayers > MAX_PLAYERS || numPlayers < 2)
        -:   49:    {
    #####:   50:      return -1;
        -:   51:    }
        -:   52:
        -:   53:  //set number of players
      200:   54:  state->numPlayers = numPlayers;
        -:   55:
        -:   56:  //check selected kingdom cards are different
     2200:   57:  for (i = 0; i < 10; i++)
        -:   58:    {
    22000:   59:      for (j = 0; j < 10; j++)
        -:   60:        {
    20000:   61:	  if (j != i && kingdomCards[j] == kingdomCards[i])
        -:   62:	    {
    #####:   63:	      return -1;
        -:   64:	    }
        -:   65:        }
        -:   66:    }
        -:   67:
        -:   68:
        -:   69:  //initialize supply
        -:   70:  ///////////////////////////////
        -:   71:
        -:   72:  //set number of Curse cards
      200:   73:  if (numPlayers == 2)
        -:   74:    {
       60:   75:      state->supplyCount[curse] = 10;
        -:   76:    }
      140:   77:  else if (numPlayers == 3)
        -:   78:    {
       70:   79:      state->supplyCount[curse] = 20;
        -:   80:    }
        -:   81:  else
        -:   82:    {
       70:   83:      state->supplyCount[curse] = 30;
        -:   84:    }
        -:   85:
        -:   86:  //set number of Victory cards
      200:   87:  if (numPlayers == 2)
        -:   88:    {
       60:   89:      state->supplyCount[estate] = 8;
       60:   90:      state->supplyCount[duchy] = 8;
       60:   91:      state->supplyCount[province] = 8;
        -:   92:    }
        -:   93:  else
        -:   94:    {
      140:   95:      state->supplyCount[estate] = 12;
      140:   96:      state->supplyCount[duchy] = 12;
      140:   97:      state->supplyCount[province] = 12;
        -:   98:    }
        -:   99:
        -:  100:  //set number of Treasure cards
      200:  101:  state->supplyCount[copper] = 60 - (7 * numPlayers);
      200:  102:  state->supplyCount[silver] = 40;
      200:  103:  state->supplyCount[gold] = 30;
        -:  104:
        -:  105:  //set number of Kingdom cards
     4200:  106:  for (i = adventurer; i <= treasure_map; i++)       	//loop all cards
        -:  107:    {
    33000:  108:      for (j = 0; j < 10; j++)           		//loop chosen cards
        -:  109:	{
    31000:  110:	  if (kingdomCards[j] == i)
        -:  111:	    {
        -:  112:	      //check if card is a 'Victory' Kingdom card
     2000:  113:	      if (kingdomCards[j] == great_hall || kingdomCards[j] == gardens)
        -:  114:		{
    #####:  115:		  if (numPlayers == 2){ 
    #####:  116:		    state->supplyCount[i] = 8; 
        -:  117:		  }
    #####:  118:		  else{ state->supplyCount[i] = 12; }
        -:  119:		}
        -:  120:	      else
        -:  121:		{
     2000:  122:		  state->supplyCount[i] = 10;
        -:  123:		}
     2000:  124:	      break;
        -:  125:	    }
        -:  126:	  else    //card is not in the set choosen for the game
        -:  127:	    {
    29000:  128:	      state->supplyCount[i] = -1;
        -:  129:	    }
        -:  130:	}
        -:  131:
        -:  132:    }
        -:  133:
        -:  134:  ////////////////////////
        -:  135:  //supply intilization complete
        -:  136:
        -:  137:  //set player decks
      810:  138:  for (i = 0; i < numPlayers; i++)
        -:  139:    {
      610:  140:      state->deckCount[i] = 0;
     2440:  141:      for (j = 0; j < 3; j++)
        -:  142:	{
     1830:  143:	  state->deck[i][j] = estate;
     1830:  144:	  state->deckCount[i]++;
        -:  145:	}
     4880:  146:      for (j = 3; j < 10; j++)
        -:  147:	{
     4270:  148:	  state->deck[i][j] = copper;
     4270:  149:	  state->deckCount[i]++;		
        -:  150:	}
        -:  151:    }
        -:  152:
        -:  153:  //shuffle player decks
      810:  154:  for (i = 0; i < numPlayers; i++)
        -:  155:    {
      610:  156:      if ( shuffle(i, state) < 0 )
        -:  157:	{
    #####:  158:	  return -1;
        -:  159:	}
        -:  160:    }
        -:  161:
        -:  162:  //draw player hands
      810:  163:  for (i = 0; i < numPlayers; i++)
        -:  164:    {  
        -:  165:      //initialize hand size to zero
      610:  166:      state->handCount[i] = 0;
      610:  167:      state->discardCount[i] = 0;
        -:  168:      //draw 5 cards
        -:  169:      // for (j = 0; j < 5; j++)
        -:  170:      //	{
        -:  171:      //	  drawCard(i, state);
        -:  172:      //	}
        -:  173:    }
        -:  174:  
        -:  175:  //set embargo tokens to 0 for all supply piles
     5600:  176:  for (i = 0; i <= treasure_map; i++)
        -:  177:    {
     5400:  178:      state->embargoTokens[i] = 0;
        -:  179:    }
        -:  180:
        -:  181:  //initialize first player's turn
      200:  182:  state->outpostPlayed = 0;
      200:  183:  state->phase = 0;
      200:  184:  state->numActions = 1;
      200:  185:  state->numBuys = 1;
      200:  186:  state->playedCardCount = 0;
      200:  187:  state->whoseTurn = 0;
      200:  188:  state->handCount[state->whoseTurn] = 0;
        -:  189:  //int it; move to top
        -:  190:
        -:  191:  //Moved draw cards to here, only drawing at the start of a turn
     1200:  192:  for (it = 0; it < 5; it++){
     1000:  193:    drawCard(state->whoseTurn, state);
        -:  194:  }
        -:  195:
      200:  196:  updateCoins(state->whoseTurn, state, 0);
        -:  197:
      200:  198:  return 0;
        -:  199:}
        -:  200:
     1047:  201:int shuffle(int player, struct gameState *state) {
        -:  202: 
        -:  203:
        -:  204:  int newDeck[MAX_DECK];
     1047:  205:  int newDeckPos = 0;
        -:  206:  int card;
        -:  207:  int i;
        -:  208:
     1047:  209:  if (state->deckCount[player] < 1)
      263:  210:    return -1;
      784:  211:  qsort ((void*)(state->deck[player]), state->deckCount[player], sizeof(int), compare); 
        -:  212:  /* SORT CARDS IN DECK TO ENSURE DETERMINISM! */
        -:  213:
     8266:  214:  while (state->deckCount[player] > 0) {
     6698:  215:    card = floor(Random() * state->deckCount[player]);
     6698:  216:    newDeck[newDeckPos] = state->deck[player][card];
     6698:  217:    newDeckPos++;
    22552:  218:    for (i = card; i < state->deckCount[player]-1; i++) {
    15854:  219:      state->deck[player][i] = state->deck[player][i+1];
        -:  220:    }
     6698:  221:    state->deckCount[player]--;
        -:  222:  }
     7482:  223:  for (i = 0; i < newDeckPos; i++) {
     6698:  224:    state->deck[player][i] = newDeck[i];
     6698:  225:    state->deckCount[player]++;
        -:  226:  }
        -:  227:
      784:  228:  return 0;
        -:  229:}
        -:  230:
    #####:  231:int playCard(int handPos, int choice1, int choice2, int choice3, struct gameState *state) 
        -:  232:{	
        -:  233:  int card;
    #####:  234:  int coin_bonus = 0; 		//tracks coins gain from actions
        -:  235:
        -:  236:  //check if it is the right phase
    #####:  237:  if (state->phase != 0)
        -:  238:    {
    #####:  239:      return -1;
        -:  240:    }
        -:  241:	
        -:  242:  //check if player has enough actions
    #####:  243:  if ( state->numActions < 1 )
        -:  244:    {
    #####:  245:      return -1;
        -:  246:    }
        -:  247:	
        -:  248:  //get card played
    #####:  249:  card = handCard(handPos, state);
        -:  250:	
        -:  251:  //check if selected card is an action
    #####:  252:  if ( card < adventurer || card > treasure_map )
        -:  253:    {
    #####:  254:      return -1;
        -:  255:    }
        -:  256:	
        -:  257:  //play card
    #####:  258:  if ( cardEffect(card, choice1, choice2, choice3, state, handPos, &coin_bonus) < 0 )
        -:  259:    {
    #####:  260:      return -1;
        -:  261:    }
        -:  262:	
        -:  263:  //reduce number of actions
    #####:  264:  state->numActions--;
        -:  265:
        -:  266:  //update coins (Treasure cards may be added with card draws)
    #####:  267:  updateCoins(state->whoseTurn, state, coin_bonus);
        -:  268:	
    #####:  269:  return 0;
        -:  270:}
        -:  271:
    #####:  272:int buyCard(int supplyPos, struct gameState *state) {
        -:  273:  int who;
        -:  274:  if (DEBUG){
        -:  275:    printf("Entering buyCard...\n");
        -:  276:  }
        -:  277:
        -:  278:  // I don't know what to do about the phase thing.
        -:  279:
    #####:  280:  who = state->whoseTurn;
        -:  281:
    #####:  282:  if (state->numBuys < 1){
        -:  283:    if (DEBUG)
        -:  284:      printf("You do not have any buys left\n");
    #####:  285:    return -1;
    #####:  286:  } else if (supplyCount(supplyPos, state) <1){
        -:  287:    if (DEBUG)
        -:  288:      printf("There are not any of that type of card left\n");
    #####:  289:    return -1;
    #####:  290:  } else if (state->coins < getCost(supplyPos)){
        -:  291:    if (DEBUG) 
        -:  292:      printf("You do not have enough money to buy that. You have %d coins.\n", state->coins);
    #####:  293:    return -1;
        -:  294:  } else {
    #####:  295:    state->phase=1;
        -:  296:    //state->supplyCount[supplyPos]--;
    #####:  297:    gainCard(supplyPos, state, 0, who); //card goes in discard, this might be wrong.. (2 means goes into hand, 0 goes into discard)
        -:  298:  
    #####:  299:    state->coins = (state->coins) - (getCost(supplyPos));
    #####:  300:    state->numBuys--;
        -:  301:    if (DEBUG)
        -:  302:      printf("You bought card number %d for %d coins. You now have %d buys and %d coins.\n", supplyPos, getCost(supplyPos), state->numBuys, state->coins);
        -:  303:  }
        -:  304:
        -:  305:  //state->discard[who][state->discardCount[who]] = supplyPos;
        -:  306:  //state->discardCount[who]++;
        -:  307:    
    #####:  308:  return 0;
        -:  309:}
        -:  310:
    #####:  311:int numHandCards(struct gameState *state) {
    #####:  312:  return state->handCount[ whoseTurn(state) ];
        -:  313:}
        -:  314:
    #####:  315:int handCard(int handPos, struct gameState *state) {
    #####:  316:  int currentPlayer = whoseTurn(state);
    #####:  317:  return state->hand[currentPlayer][handPos];
        -:  318:}
        -:  319:
    #####:  320:int supplyCount(int card, struct gameState *state) {
    #####:  321:  return state->supplyCount[card];
        -:  322:}
        -:  323:
    #####:  324:int fullDeckCount(int player, int card, struct gameState *state) {
        -:  325:  int i;
    #####:  326:  int count = 0;
        -:  327:
    #####:  328:  for (i = 0; i < state->deckCount[player]; i++)
        -:  329:    {
    #####:  330:      if (state->deck[player][i] == card) count++;
        -:  331:    }
        -:  332:
    #####:  333:  for (i = 0; i < state->handCount[player]; i++)
        -:  334:    {
    #####:  335:      if (state->hand[player][i] == card) count++;
        -:  336:    }
        -:  337:
    #####:  338:  for (i = 0; i < state->discardCount[player]; i++)
        -:  339:    {
    #####:  340:      if (state->discard[player][i] == card) count++;
        -:  341:    }
        -:  342:
    #####:  343:  return count;
        -:  344:}
        -:  345:
    #####:  346:int whoseTurn(struct gameState *state) {
    #####:  347:  return state->whoseTurn;
        -:  348:}
        -:  349:
    #####:  350:int endTurn(struct gameState *state) {
        -:  351:  int k;
        -:  352:  int i;
    #####:  353:  int currentPlayer = whoseTurn(state);
        -:  354:  
        -:  355:  //Discard hand
    #####:  356:  for (i = 0; i < state->handCount[currentPlayer]; i++){
    #####:  357:    state->discard[currentPlayer][state->discardCount[currentPlayer]++] = state->hand[currentPlayer][i];//Discard
    #####:  358:    state->hand[currentPlayer][i] = -1;//Set card to -1
        -:  359:  }
    #####:  360:  state->handCount[currentPlayer] = 0;//Reset hand count
        -:  361:    
        -:  362:  //Code for determining the player
    #####:  363:  if (currentPlayer < (state->numPlayers - 1)){ 
    #####:  364:    state->whoseTurn = currentPlayer + 1;//Still safe to increment
        -:  365:  }
        -:  366:  else{
    #####:  367:    state->whoseTurn = 0;//Max player has been reached, loop back around to player 1
        -:  368:  }
        -:  369:
    #####:  370:  state->outpostPlayed = 0;
    #####:  371:  state->phase = 0;
    #####:  372:  state->numActions = 1;
    #####:  373:  state->coins = 0;
    #####:  374:  state->numBuys = 1;
    #####:  375:  state->playedCardCount = 0;
    #####:  376:  state->handCount[state->whoseTurn] = 0;
        -:  377:
        -:  378:  //int k; move to top
        -:  379:  //Next player draws hand
    #####:  380:  for (k = 0; k < 5; k++){
    #####:  381:    drawCard(state->whoseTurn, state);//Draw a card
        -:  382:  }
        -:  383:
        -:  384:  //Update money
    #####:  385:  updateCoins(state->whoseTurn, state , 0);
        -:  386:
    #####:  387:  return 0;
        -:  388:}
        -:  389:
    #####:  390:int isGameOver(struct gameState *state) {
        -:  391:  int i;
        -:  392:  int j;
        -:  393:	
        -:  394:  //if stack of Province cards is empty, the game ends
    #####:  395:  if (state->supplyCount[province] == 0)
        -:  396:    {
    #####:  397:      return 1;
        -:  398:    }
        -:  399:
        -:  400:  //if three supply pile are at 0, the game ends
    #####:  401:  j = 0;
    #####:  402:  for (i = 0; i < 25; i++)
        -:  403:    {
    #####:  404:      if (state->supplyCount[i] == 0)
        -:  405:	{
    #####:  406:	  j++;
        -:  407:	}
        -:  408:    }
    #####:  409:  if ( j >= 3)
        -:  410:    {
    #####:  411:      return 1;
        -:  412:    }
        -:  413:
    #####:  414:  return 0;
        -:  415:}
        -:  416:
    #####:  417:int scoreFor (int player, struct gameState *state) {
        -:  418:
        -:  419:  int i;
    #####:  420:  int score = 0;
        -:  421:  //score from hand
    #####:  422:  for (i = 0; i < state->handCount[player]; i++)
        -:  423:    {
    #####:  424:      if (state->hand[player][i] == curse) { score = score - 1; };
    #####:  425:      if (state->hand[player][i] == estate) { score = score + 1; };
    #####:  426:      if (state->hand[player][i] == duchy) { score = score + 3; };
    #####:  427:      if (state->hand[player][i] == province) { score = score + 6; };
    #####:  428:      if (state->hand[player][i] == great_hall) { score = score + 1; };
    #####:  429:      if (state->hand[player][i] == gardens) { score = score + ( fullDeckCount(player, 0, state) / 10 ); };
        -:  430:    }
        -:  431:
        -:  432:  //score from discard
    #####:  433:  for (i = 0; i < state->discardCount[player]; i++)
        -:  434:    {
    #####:  435:      if (state->discard[player][i] == curse) { score = score - 1; };
    #####:  436:      if (state->discard[player][i] == estate) { score = score + 1; };
    #####:  437:      if (state->discard[player][i] == duchy) { score = score + 3; };
    #####:  438:      if (state->discard[player][i] == province) { score = score + 6; };
    #####:  439:      if (state->discard[player][i] == great_hall) { score = score + 1; };
    #####:  440:      if (state->discard[player][i] == gardens) { score = score + ( fullDeckCount(player, 0, state) / 10 ); };
        -:  441:    }
        -:  442:
        -:  443:  //score from deck
    #####:  444:  for (i = 0; i < state->discardCount[player]; i++)
        -:  445:    {
    #####:  446:      if (state->deck[player][i] == curse) { score = score - 1; };
    #####:  447:      if (state->deck[player][i] == estate) { score = score + 1; };
    #####:  448:      if (state->deck[player][i] == duchy) { score = score + 3; };
    #####:  449:      if (state->deck[player][i] == province) { score = score + 6; };
    #####:  450:      if (state->deck[player][i] == great_hall) { score = score + 1; };
    #####:  451:      if (state->deck[player][i] == gardens) { score = score + ( fullDeckCount(player, 0, state) / 10 ); };
        -:  452:    }
        -:  453:
    #####:  454:  return score;
        -:  455:}
        -:  456:
    #####:  457:int getWinners(int players[MAX_PLAYERS], struct gameState *state) {
        -:  458:  int i;	
        -:  459:  int j;
        -:  460:  int highScore;
        -:  461:  int currentPlayer;
        -:  462:
        -:  463:  //get score for each player
    #####:  464:  for (i = 0; i < MAX_PLAYERS; i++)
        -:  465:    {
        -:  466:      //set unused player scores to -9999
    #####:  467:      if (i >= state->numPlayers)
        -:  468:	{
    #####:  469:	  players[i] = -9999;
        -:  470:	}
        -:  471:      else
        -:  472:	{
    #####:  473:	  players[i] = scoreFor (i, state);
        -:  474:	}
        -:  475:    }
        -:  476:
        -:  477:  //find highest score
    #####:  478:  j = 0;
    #####:  479:  for (i = 0; i < MAX_PLAYERS; i++)
        -:  480:    {
    #####:  481:      if (players[i] > players[j])
        -:  482:	{
    #####:  483:	  j = i;
        -:  484:	}
        -:  485:    }
    #####:  486:  highScore = players[j];
        -:  487:
        -:  488:  //add 1 to players who had less turns
    #####:  489:  currentPlayer = whoseTurn(state);
    #####:  490:  for (i = 0; i < MAX_PLAYERS; i++)
        -:  491:    {
    #####:  492:      if ( players[i] == highScore && i > currentPlayer )
        -:  493:	{
    #####:  494:	  players[i]++;
        -:  495:	}
        -:  496:    }
        -:  497:
        -:  498:  //find new highest score
    #####:  499:  j = 0;
    #####:  500:  for (i = 0; i < MAX_PLAYERS; i++)
        -:  501:    {
    #####:  502:      if ( players[i] > players[j] )
        -:  503:	{
    #####:  504:	  j = i;
        -:  505:	}
        -:  506:    }
    #####:  507:  highScore = players[j];
        -:  508:
        -:  509:  //set winners in array to 1 and rest to 0
    #####:  510:  for (i = 0; i < MAX_PLAYERS; i++)
        -:  511:    {
    #####:  512:      if ( players[i] == highScore )
        -:  513:	{
    #####:  514:	  players[i] = 1;
        -:  515:	}
        -:  516:      else
        -:  517:	{
    #####:  518:	  players[i] = 0;
        -:  519:	}
        -:  520:    }
        -:  521:
    #####:  522:  return 0;
        -:  523:}
        -:  524:
     2210:  525:int drawCard(int player, struct gameState *state)
        -:  526:{	int count;
        -:  527:  int deckCounter;
     2210:  528:  if (state->deckCount[player] <= 0){//Deck is empty
        -:  529:    
        -:  530:    //Step 1 Shuffle the discard pile back into a deck
        -:  531:    int i;
        -:  532:    //Move discard to deck
     1035:  533:    for (i = 0; i < state->discardCount[player];i++){
      598:  534:      state->deck[player][i] = state->discard[player][i];
      598:  535:      state->discard[player][i] = -1;
        -:  536:    }
        -:  537:
      437:  538:    state->deckCount[player] = state->discardCount[player];
      437:  539:    state->discardCount[player] = 0;//Reset discard
        -:  540:
        -:  541:    //Shufffle the deck
      437:  542:    shuffle(player, state);//Shuffle the deck up and make it so that we can draw
        -:  543:   
        -:  544:    if (DEBUG){//Debug statements
        -:  545:      printf("Deck count now: %d\n", state->deckCount[player]);
        -:  546:    }
        -:  547:    
      437:  548:    state->discardCount[player] = 0;
        -:  549:
        -:  550:    //Step 2 Draw Card
      437:  551:    count = state->handCount[player];//Get current player's hand count
        -:  552:    
        -:  553:    if (DEBUG){//Debug statements
        -:  554:      printf("Current hand count: %d\n", count);
        -:  555:    }
        -:  556:    
      437:  557:    deckCounter = state->deckCount[player];//Create a holder for the deck count
        -:  558:
      437:  559:    if (deckCounter == 0)
      263:  560:      return -1;
        -:  561:
      174:  562:    state->hand[player][count] = state->deck[player][deckCounter - 1];//Add card to hand
      174:  563:    state->deckCount[player]--;
      174:  564:    state->handCount[player]++;//Increment hand count
        -:  565:  }
        -:  566:
        -:  567:  else{
     1773:  568:    int count = state->handCount[player];//Get current hand count for player
        -:  569:    int deckCounter;
        -:  570:    if (DEBUG){//Debug statements
        -:  571:      printf("Current hand count: %d\n", count);
        -:  572:    }
        -:  573:
     1773:  574:    deckCounter = state->deckCount[player];//Create holder for the deck count
     1773:  575:    state->hand[player][count] = state->deck[player][deckCounter - 1];//Add card to the hand
     1773:  576:    state->deckCount[player]--;
     1773:  577:    state->handCount[player]++;//Increment hand count
        -:  578:  }
        -:  579:
     1947:  580:  return 0;
        -:  581:}
        -:  582:
    #####:  583:int getCost(int cardNumber)
        -:  584:{
    #####:  585:  switch( cardNumber ) 
        -:  586:    {
        -:  587:    case curse:
    #####:  588:      return 0;
        -:  589:    case estate:
    #####:  590:      return 2;
        -:  591:    case duchy:
    #####:  592:      return 5;
        -:  593:    case province:
    #####:  594:      return 8;
        -:  595:    case copper:
    #####:  596:      return 0;
        -:  597:    case silver:
    #####:  598:      return 3;
        -:  599:    case gold:
    #####:  600:      return 6;
        -:  601:    case adventurer:
    #####:  602:      return 6;
        -:  603:    case council_room:
    #####:  604:      return 5;
        -:  605:    case feast:
    #####:  606:      return 4;
        -:  607:    case gardens:
    #####:  608:      return 4;
        -:  609:    case mine:
    #####:  610:      return 5;
        -:  611:    case remodel:
    #####:  612:      return 4;
        -:  613:    case smithy:
    #####:  614:      return 4;
        -:  615:    case village:
    #####:  616:      return 3;
        -:  617:    case baron:
    #####:  618:      return 4;
        -:  619:    case great_hall:
    #####:  620:      return 3;
        -:  621:    case minion:
    #####:  622:      return 5;
        -:  623:    case steward:
    #####:  624:      return 3;
        -:  625:    case tribute:
    #####:  626:      return 5;
        -:  627:    case ambassador:
    #####:  628:      return 3;
        -:  629:    case cutpurse:
    #####:  630:      return 4;
        -:  631:    case embargo: 
    #####:  632:      return 2;
        -:  633:    case outpost:
    #####:  634:      return 5;
        -:  635:    case salvager:
    #####:  636:      return 4;
        -:  637:    case sea_hag:
    #####:  638:      return 4;
        -:  639:    case treasure_map:
    #####:  640:      return 4;
        -:  641:    }
        -:  642:	
    #####:  643:  return -1;
        -:  644:}
        -:  645:
        -:  646:
        -:  647://Adventurer card - look up to two treasure cards.  Discard other cards you picked up 
    #####:  648:void playAdventurer(struct gameState *state, int currentPlayer, int temphand[]){
    #####:  649:      int drawntreasure = 0; //how many treasures we drew
    #####:  650:      int z = 0; //counter for tempHand.  Initialize to 0
        -:  651:      int cardDrawn;
        -:  652:
    #####:  653:      while(drawntreasure<3){ //changed to 3 from 2 for subtle bug
    #####:  654:        if (state->deckCount[currentPlayer] <1){//if the deck is empty we need to shuffle discard and add to deck
    #####:  655:          shuffle(currentPlayer, state);
        -:  656:        }
    #####:  657:        drawCard(currentPlayer, state);
    #####:  658:        cardDrawn = state->hand[currentPlayer][state->handCount[currentPlayer]-1];//top card of hand is most recently drawn card.
    #####:  659:        if (cardDrawn == copper || cardDrawn == silver || cardDrawn == gold)
    #####:  660:          drawntreasure++;
        -:  661:        else{
    #####:  662:          temphand[z]=cardDrawn;
    #####:  663:          state->handCount[currentPlayer]--; //this should just remove the top card (the most recently drawn one).
    #####:  664:          z++;
        -:  665:        }
        -:  666:      }
    #####:  667:      while(z-1>=0){
    #####:  668:        state->discard[currentPlayer][state->discardCount[currentPlayer]++]=temphand[z-1]; // discard all cards in play that have been drawn
    #####:  669:        z=z-1;
        -:  670:      }
    #####:  671:}
        -:  672:
        -:  673://Play Smithy card - draw 3 cards from deck
    #####:  674:void playSmithy(struct gameState *state, int handPos, int currentPlayer){
        -:  675:	int i;
    #####:  676:	for (i = 0; i < 3; i++){
    #####:  677:		drawCard(currentPlayer, state);
        -:  678:	}
        -:  679:	//discard card from hand
        -:  680:	//discardCard(handPos, currentPlayer, state, 0);  do not discard smithy for subtle bug
    #####:  681:}
        -:  682:
        -:  683://Play Council Room card - draw 4 cards, increase buy power and everyone draws a card
      200:  684:void playCRoom(struct gameState *state, int currentPlayer, int handPos){
        -:  685:	//+4 Cards
        -:  686:	int i;
     1000:  687:	for (i = 0; i < 4; i++){ 
      800:  688:		drawCard(currentPlayer, state);
        -:  689:	}
        -:  690:	//+1 Buy
      200:  691:	state->numBuys--; //change to decrement instead of increment for subtle bug
        -:  692:	//Each other player draws a card
      810:  693:	for (i = 0; i < state->numPlayers; i++){
      610:  694:		if ( i != currentPlayer ){
      410:  695:			drawCard(i, state);
        -:  696:		}
        -:  697:	}
        -:  698:	//put played card in played card pile
      200:  699:	discardCard(handPos, currentPlayer, state, 0);
      200:  700:}
        -:  701:
        -:  702://Play Mine card - exchange an inferior treasure card for the next one up
    #####:  703:int playMine(struct gameState *state, int choice1, int choice2, int currentPlayer, int handPos){
        -:  704:	//int j;
        -:  705:	//j = state->hand[currentPlayer][choice1];  //store card we will trash
    #####:  706:	if (state->hand[currentPlayer][choice1] < copper || state->hand[currentPlayer][choice1] > gold){
    #####:  707:		return -1; //error
        -:  708:	}
    #####:  709:	if (choice2 > treasure_map || choice2 < curse){
    #####:  710:		return -1; //error
        -:  711:	}
    #####:  712:	if ( (getCost(state->hand[currentPlayer][choice1]) + 3) > getCost(choice2) ){
    #####:  713:		return -1; //error
        -:  714:	}
    #####:  715:	gainCard(choice2, state, 2, currentPlayer);
        -:  716:	//discard card from hand
    #####:  717:	discardCard(handPos, currentPlayer, state, 0);
        -:  718:	//discard trashed card
        -:  719:	/*int i;
        -:  720:	for (i = 0; i < state->handCount[currentPlayer]; i++){
        -:  721:		if (state->hand[currentPlayer][i] == j){
        -:  722:			discardCard(i, currentPlayer, state, 0);
        -:  723:			return 0;
        -:  724:		}
        -:  725:	}  subtle bug to not trash card*/
    #####:  726:	return 0;
        -:  727:}
        -:  728:
        -:  729://Play Remodel - trash a card and get 2 that cost + 2 to buy another card
    #####:  730:int playRemodel(struct gameState *state, int choice1, int choice2, int currentPlayer, int handPos ){
        -:  731:	int j;
    #####:  732:	j = state->hand[currentPlayer][choice1];  //store card we will trash
    #####:  733:	if ( (getCost(state->hand[currentPlayer][choice1]) + 2) > getCost(choice2) ){
    #####:  734:		return -1;
        -:  735:        }
    #####:  736:	gainCard(choice2, state, 0, currentPlayer);
        -:  737:	//discard card from hand
    #####:  738:	discardCard(handPos, currentPlayer, state, 0);
        -:  739:	//discard trashed card
        -:  740:	int i;
    #####:  741:	for (i = 0; i < state->handCount[currentPlayer]; i++){
    #####:  742:		if (state->hand[currentPlayer][i] == j){
    #####:  743:			discardCard(i, currentPlayer, state, 0);
    #####:  744:			return 0;
        -:  745:		}
        -:  746:	}
    #####:  747:	return 0;
        -:  748:}
        -:  749:
    #####:  750:int cardEffect(int card, int choice1, int choice2, int choice3, struct gameState *state, int handPos, int *bonus)
        -:  751:{
        -:  752:  int i;
        -:  753:  int j;
        -:  754:  int k;
        -:  755:  int x;
        -:  756:  int index;
    #####:  757:  int currentPlayer = whoseTurn(state);
    #####:  758:  int nextPlayer = currentPlayer + 1;
    #####:  759:  int tributeRevealedCards[2] = {-1, -1};
        -:  760:  int temphand[MAX_HAND];// moved above the if statement
    #####:  761:  if (nextPlayer > (state->numPlayers - 1)){
    #####:  762:    nextPlayer = 0;
        -:  763:  }
        -:  764:  
        -:  765:  //Refactor 5 cards (smithy and adventurer) into own function
    #####:  766:  if(card == adventurer){
    #####:  767:	playAdventurer(state, currentPlayer, temphand);
    #####:  768:	return 0;
        -:  769:  }
    #####:  770:  else if(card == smithy){
    #####:  771:	playSmithy(state, handPos, currentPlayer);
    #####:  772:	return 0;
        -:  773:  }
    #####:  774:  else if(card == council_room){
    #####:  775:	playCRoom(state, currentPlayer, handPos);
    #####:  776:	return 0;
        -:  777:  }
    #####:  778:  else if(card == mine){
    #####:  779:	int pass = playMine(state, choice1, choice2, currentPlayer, handPos);
    #####:  780:	if(pass == -1){
    #####:  781:		return -1;
        -:  782:	}
        -:  783:	else{
    #####:  784:		return 0;
        -:  785:	}
        -:  786:  }
    #####:  787:  else if(card == remodel){
    #####:  788:        int pass = playRemodel(state, choice1, choice2, currentPlayer, handPos);
    #####:  789:        if(pass == -1){
    #####:  790:                return -1;
        -:  791:        }
        -:  792:        else{
    #####:  793:                return 0;
        -:  794:        }
        -:  795:  }
        -:  796:	
        -:  797:  //uses switch to select card and perform actions
    #####:  798:  switch( card ) 
        -:  799:    {
        -:  800:    case feast:
        -:  801:      //gain card with cost up to 5
        -:  802:      //Backup hand
    #####:  803:      for (i = 0; i <= state->handCount[currentPlayer]; i++){
    #####:  804:	temphand[i] = state->hand[currentPlayer][i];//Backup card
    #####:  805:	state->hand[currentPlayer][i] = -1;//Set to nothing
        -:  806:      }
        -:  807:      //Backup hand
        -:  808:
        -:  809:      //Update Coins for Buy
    #####:  810:      updateCoins(currentPlayer, state, 5);
    #####:  811:      x = 1;//Condition to loop on
    #####:  812:      while( x == 1) {//Buy one card
    #####:  813:	if (supplyCount(choice1, state) <= 0){
        -:  814:	  if (DEBUG)
        -:  815:	    printf("None of that card left, sorry!\n");
        -:  816:
        -:  817:	  if (DEBUG){
        -:  818:	    printf("Cards Left: %d\n", supplyCount(choice1, state));
        -:  819:	  }
        -:  820:	}
    #####:  821:	else if (state->coins < getCost(choice1)){
    #####:  822:	  printf("That card is too expensive!\n");
        -:  823:
        -:  824:	  if (DEBUG){
        -:  825:	    printf("Coins: %d < %d\n", state->coins, getCost(choice1));
        -:  826:	  }
        -:  827:	}
        -:  828:	else{
        -:  829:
        -:  830:	  if (DEBUG){
        -:  831:	    printf("Deck Count: %d\n", state->handCount[currentPlayer] + state->deckCount[currentPlayer] + state->discardCount[currentPlayer]);
        -:  832:	  }
        -:  833:
    #####:  834:	  gainCard(choice1, state, 0, currentPlayer);//Gain the card
    #####:  835:	  x = 0;//No more buying cards
        -:  836:
        -:  837:	  if (DEBUG){
        -:  838:	    printf("Deck Count: %d\n", state->handCount[currentPlayer] + state->deckCount[currentPlayer] + state->discardCount[currentPlayer]);
        -:  839:	  }
        -:  840:
        -:  841:	}
        -:  842:      }     
        -:  843:
        -:  844:      //Reset Hand
    #####:  845:      for (i = 0; i <= state->handCount[currentPlayer]; i++){
    #####:  846:	state->hand[currentPlayer][i] = temphand[i];
    #####:  847:	temphand[i] = -1;
        -:  848:      }
        -:  849:      //Reset Hand
        -:  850:      			
    #####:  851:      return 0;
        -:  852:			
        -:  853:    case gardens:
    #####:  854:      return -1;
        -:  855:				
        -:  856:    case village:
        -:  857:      //+1 Card
    #####:  858:      drawCard(currentPlayer, state);
        -:  859:			
        -:  860:      //+2 Actions
    #####:  861:      state->numActions = state->numActions + 2;
        -:  862:			
        -:  863:      //discard played card from hand
    #####:  864:      discardCard(handPos, currentPlayer, state, 0);
    #####:  865:      return 0;
        -:  866:		
        -:  867:    case baron:
    #####:  868:      state->numBuys++;//Increase buys by 1!
    #####:  869:      if (choice1 > 0){//Boolean true or going to discard an estate
    #####:  870:	int p = 0;//Iterator for hand!
    #####:  871:	int card_not_discarded = 1;//Flag for discard set!
    #####:  872:	while(card_not_discarded){
    #####:  873:	  if (state->hand[currentPlayer][p] == estate){//Found an estate card!
    #####:  874:	    state->coins += 4;//Add 4 coins to the amount of coins
    #####:  875:	    state->discard[currentPlayer][state->discardCount[currentPlayer]] = state->hand[currentPlayer][p];
    #####:  876:	    state->discardCount[currentPlayer]++;
    #####:  877:	    for (;p < state->handCount[currentPlayer]; p++){
    #####:  878:	      state->hand[currentPlayer][p] = state->hand[currentPlayer][p+1];
        -:  879:	    }
    #####:  880:	    state->hand[currentPlayer][state->handCount[currentPlayer]] = -1;
    #####:  881:	    state->handCount[currentPlayer]--;
    #####:  882:	    card_not_discarded = 0;//Exit the loop
        -:  883:	  }
    #####:  884:	  else if (p > state->handCount[currentPlayer]){
        -:  885:	    if(DEBUG) {
        -:  886:	      printf("No estate cards in your hand, invalid choice\n");
        -:  887:	      printf("Must gain an estate if there are any\n");
        -:  888:	    }
    #####:  889:	    if (supplyCount(estate, state) > 0){
    #####:  890:	      gainCard(estate, state, 0, currentPlayer);
    #####:  891:	      state->supplyCount[estate]--;//Decrement estates
    #####:  892:	      if (supplyCount(estate, state) == 0){
    #####:  893:		isGameOver(state);
        -:  894:	      }
        -:  895:	    }
    #####:  896:	    card_not_discarded = 0;//Exit the loop
        -:  897:	  }
        -:  898:			    
        -:  899:	  else{
    #####:  900:	    p++;//Next card
        -:  901:	  }
        -:  902:	}
        -:  903:      }
        -:  904:			    
        -:  905:      else{
    #####:  906:	if (supplyCount(estate, state) > 0){
    #####:  907:	  gainCard(estate, state, 0, currentPlayer);//Gain an estate
    #####:  908:	  state->supplyCount[estate]--;//Decrement Estates
    #####:  909:	  if (supplyCount(estate, state) == 0){
    #####:  910:	    isGameOver(state);
        -:  911:	  }
        -:  912:	}
        -:  913:      }
        -:  914:	    
        -:  915:      
    #####:  916:      return 0;
        -:  917:		
        -:  918:    case great_hall:
        -:  919:      //+1 Card
    #####:  920:      drawCard(currentPlayer, state);
        -:  921:			
        -:  922:      //+1 Actions
    #####:  923:      state->numActions++;
        -:  924:			
        -:  925:      //discard card from hand
    #####:  926:      discardCard(handPos, currentPlayer, state, 0);
    #####:  927:      return 0;
        -:  928:		
        -:  929:    case minion:
        -:  930:      //+1 action
    #####:  931:      state->numActions++;
        -:  932:			
        -:  933:      //discard card from hand
    #####:  934:      discardCard(handPos, currentPlayer, state, 0);
        -:  935:			
    #####:  936:      if (choice1)		//+2 coins
        -:  937:	{
    #####:  938:	  state->coins = state->coins + 2;
        -:  939:	}
        -:  940:			
    #####:  941:      else if (choice2)		//discard hand, redraw 4, other players with 5+ cards discard hand and draw 4
        -:  942:	{
        -:  943:	  //discard hand
    #####:  944:	  while(numHandCards(state) > 0)
        -:  945:	    {
    #####:  946:	      discardCard(handPos, currentPlayer, state, 0);
        -:  947:	    }
        -:  948:				
        -:  949:	  //draw 4
    #####:  950:	  for (i = 0; i < 4; i++)
        -:  951:	    {
    #####:  952:	      drawCard(currentPlayer, state);
        -:  953:	    }
        -:  954:				
        -:  955:	  //other players discard hand and redraw if hand size > 4
    #####:  956:	  for (i = 0; i < state->numPlayers; i++)
        -:  957:	    {
    #####:  958:	      if (i != currentPlayer)
        -:  959:		{
    #####:  960:		  if ( state->handCount[i] > 4 )
        -:  961:		    {
        -:  962:		      //discard hand
    #####:  963:		      while( state->handCount[i] > 0 )
        -:  964:			{
    #####:  965:			  discardCard(handPos, i, state, 0);
        -:  966:			}
        -:  967:							
        -:  968:		      //draw 4
    #####:  969:		      for (j = 0; j < 4; j++)
        -:  970:			{
    #####:  971:			  drawCard(i, state);
        -:  972:			}
        -:  973:		    }
        -:  974:		}
        -:  975:	    }
        -:  976:				
        -:  977:	}
    #####:  978:      return 0;
        -:  979:		
        -:  980:    case steward:
    #####:  981:      if (choice1 == 1)
        -:  982:	{
        -:  983:	  //+2 cards
    #####:  984:	  drawCard(currentPlayer, state);
    #####:  985:	  drawCard(currentPlayer, state);
        -:  986:	}
    #####:  987:      else if (choice1 == 2)
        -:  988:	{
        -:  989:	  //+2 coins
    #####:  990:	  state->coins = state->coins + 2;
        -:  991:	}
        -:  992:      else
        -:  993:	{
        -:  994:	  //trash 2 cards in hand
    #####:  995:	  discardCard(choice2, currentPlayer, state, 1);
    #####:  996:	  discardCard(choice3, currentPlayer, state, 1);
        -:  997:	}
        -:  998:			
        -:  999:      //discard card from hand
    #####: 1000:      discardCard(handPos, currentPlayer, state, 0);
    #####: 1001:      return 0;
        -: 1002:		
        -: 1003:    case tribute:
    #####: 1004:      if ((state->discardCount[nextPlayer] + state->deckCount[nextPlayer]) <= 1){
    #####: 1005:	if (state->deckCount[nextPlayer] > 0){
    #####: 1006:	  tributeRevealedCards[0] = state->deck[nextPlayer][state->deckCount[nextPlayer]-1];
    #####: 1007:	  state->deckCount[nextPlayer]--;
        -: 1008:	}
    #####: 1009:	else if (state->discardCount[nextPlayer] > 0){
    #####: 1010:	  tributeRevealedCards[0] = state->discard[nextPlayer][state->discardCount[nextPlayer]-1];
    #####: 1011:	  state->discardCount[nextPlayer]--;
        -: 1012:	}
        -: 1013:	else{
        -: 1014:	  //No Card to Reveal
        -: 1015:	  if (DEBUG){
        -: 1016:	    printf("No cards to reveal\n");
        -: 1017:	  }
        -: 1018:	}
        -: 1019:      }
        -: 1020:	    
        -: 1021:      else{
    #####: 1022:	if (state->deckCount[nextPlayer] == 0){
    #####: 1023:	  for (i = 0; i < state->discardCount[nextPlayer]; i++){
    #####: 1024:	    state->deck[nextPlayer][i] = state->discard[nextPlayer][i];//Move to deck
    #####: 1025:	    state->deckCount[nextPlayer]++;
    #####: 1026:	    state->discard[nextPlayer][i] = -1;
    #####: 1027:	    state->discardCount[nextPlayer]--;
        -: 1028:	  }
        -: 1029:			    
    #####: 1030:	  shuffle(nextPlayer,state);//Shuffle the deck
        -: 1031:	} 
    #####: 1032:	tributeRevealedCards[0] = state->deck[nextPlayer][state->deckCount[nextPlayer]-1];
    #####: 1033:	state->deck[nextPlayer][state->deckCount[nextPlayer]--] = -1;
    #####: 1034:	state->deckCount[nextPlayer]--;
    #####: 1035:	tributeRevealedCards[1] = state->deck[nextPlayer][state->deckCount[nextPlayer]-1];
    #####: 1036:	state->deck[nextPlayer][state->deckCount[nextPlayer]--] = -1;
    #####: 1037:	state->deckCount[nextPlayer]--;
        -: 1038:      }    
        -: 1039:		       
    #####: 1040:      if (tributeRevealedCards[0] == tributeRevealedCards[1]){//If we have a duplicate card, just drop one 
    #####: 1041:	state->playedCards[state->playedCardCount] = tributeRevealedCards[1];
    #####: 1042:	state->playedCardCount++;
    #####: 1043:	tributeRevealedCards[1] = -1;
        -: 1044:      }
        -: 1045:
    #####: 1046:      for (i = 0; i <= 2; i ++){
    #####: 1047:	if (tributeRevealedCards[i] == copper || tributeRevealedCards[i] == silver || tributeRevealedCards[i] == gold){//Treasure cards
    #####: 1048:	  state->coins += 2;
        -: 1049:	}
        -: 1050:		    
    #####: 1051:	else if (tributeRevealedCards[i] == estate || tributeRevealedCards[i] == duchy || tributeRevealedCards[i] == province || tributeRevealedCards[i] == gardens || tributeRevealedCards[i] == great_hall){//Victory Card Found
    #####: 1052:	  drawCard(currentPlayer, state);
    #####: 1053:	  drawCard(currentPlayer, state);
        -: 1054:	}
        -: 1055:	else{//Action Card
    #####: 1056:	  state->numActions = state->numActions + 2;
        -: 1057:	}
        -: 1058:      }
        -: 1059:	    
    #####: 1060:      return 0;
        -: 1061:		
        -: 1062:    case ambassador:
    #####: 1063:      j = 0;		//used to check if player has enough cards to discard
        -: 1064:
    #####: 1065:      if (choice2 > 2 || choice2 < 0)
        -: 1066:	{
    #####: 1067:	  return -1;				
        -: 1068:	}
        -: 1069:
    #####: 1070:      if (choice1 == handPos)
        -: 1071:	{
    #####: 1072:	  return -1;
        -: 1073:	}
        -: 1074:
    #####: 1075:      for (i = 0; i < state->handCount[currentPlayer]; i++)
        -: 1076:	{
    #####: 1077:	  if (i != handPos && i == state->hand[currentPlayer][choice1] && i != choice1)
        -: 1078:	    {
    #####: 1079:	      j++;
        -: 1080:	    }
        -: 1081:	}
    #####: 1082:      if (j < choice2)
        -: 1083:	{
    #####: 1084:	  return -1;				
        -: 1085:	}
        -: 1086:
        -: 1087:      if (DEBUG) 
        -: 1088:	printf("Player %d reveals card number: %d\n", currentPlayer, state->hand[currentPlayer][choice1]);
        -: 1089:
        -: 1090:      //increase supply count for choosen card by amount being discarded
    #####: 1091:      state->supplyCount[state->hand[currentPlayer][choice1]] += choice2;
        -: 1092:			
        -: 1093:      //each other player gains a copy of revealed card
    #####: 1094:      for (i = 0; i < state->numPlayers; i++)
        -: 1095:	{
    #####: 1096:	  if (i != currentPlayer)
        -: 1097:	    {
    #####: 1098:	      gainCard(state->hand[currentPlayer][choice1], state, 0, i);
        -: 1099:	    }
        -: 1100:	}
        -: 1101:
        -: 1102:      //discard played card from hand
    #####: 1103:      discardCard(handPos, currentPlayer, state, 0);			
        -: 1104:
        -: 1105:      //trash copies of cards returned to supply
    #####: 1106:      for (j = 0; j < choice2; j++)
        -: 1107:	{
    #####: 1108:	  for (i = 0; i < state->handCount[currentPlayer]; i++)
        -: 1109:	    {
    #####: 1110:	      if (state->hand[currentPlayer][i] == state->hand[currentPlayer][choice1])
        -: 1111:		{
    #####: 1112:		  discardCard(i, currentPlayer, state, 1);
    #####: 1113:		  break;
        -: 1114:		}
        -: 1115:	    }
        -: 1116:	}			
        -: 1117:
    #####: 1118:      return 0;
        -: 1119:		
        -: 1120:    case cutpurse:
        -: 1121:
    #####: 1122:      updateCoins(currentPlayer, state, 2);
    #####: 1123:      for (i = 0; i < state->numPlayers; i++)
        -: 1124:	{
    #####: 1125:	  if (i != currentPlayer)
        -: 1126:	    {
    #####: 1127:	      for (j = 0; j < state->handCount[i]; j++)
        -: 1128:		{
    #####: 1129:		  if (state->hand[i][j] == copper)
        -: 1130:		    {
    #####: 1131:		      discardCard(j, i, state, 0);
    #####: 1132:		      break;
        -: 1133:		    }
    #####: 1134:		  if (j == state->handCount[i])
        -: 1135:		    {
    #####: 1136:		      for (k = 0; k < state->handCount[i]; k++)
        -: 1137:			{
        -: 1138:			  if (DEBUG)
        -: 1139:			    printf("Player %d reveals card number %d\n", i, state->hand[i][k]);
        -: 1140:			}	
    #####: 1141:		      break;
        -: 1142:		    }		
        -: 1143:		}
        -: 1144:					
        -: 1145:	    }
        -: 1146:				
        -: 1147:	}				
        -: 1148:
        -: 1149:      //discard played card from hand
    #####: 1150:      discardCard(handPos, currentPlayer, state, 0);			
        -: 1151:
    #####: 1152:      return 0;
        -: 1153:
        -: 1154:		
        -: 1155:    case embargo: 
        -: 1156:      //+2 Coins
    #####: 1157:      state->coins = state->coins + 2;
        -: 1158:			
        -: 1159:      //see if selected pile is in play
    #####: 1160:      if ( state->supplyCount[choice1] == -1 )
        -: 1161:	{
    #####: 1162:	  return -1;
        -: 1163:	}
        -: 1164:			
        -: 1165:      //add embargo token to selected supply pile
    #####: 1166:      state->embargoTokens[choice1]++;
        -: 1167:			
        -: 1168:      //trash card
    #####: 1169:      discardCard(handPos, currentPlayer, state, 1);		
    #####: 1170:      return 0;
        -: 1171:		
        -: 1172:    case outpost:
        -: 1173:      //set outpost flag
    #####: 1174:      state->outpostPlayed++;
        -: 1175:			
        -: 1176:      //discard card
    #####: 1177:      discardCard(handPos, currentPlayer, state, 0);
    #####: 1178:      return 0;
        -: 1179:		
        -: 1180:    case salvager:
        -: 1181:      //+1 buy
    #####: 1182:      state->numBuys++;
        -: 1183:			
    #####: 1184:      if (choice1)
        -: 1185:	{
        -: 1186:	  //gain coins equal to trashed card
    #####: 1187:	  state->coins = state->coins + getCost( handCard(choice1, state) );
        -: 1188:	  //trash card
    #####: 1189:	  discardCard(choice1, currentPlayer, state, 1);	
        -: 1190:	}
        -: 1191:			
        -: 1192:      //discard card
    #####: 1193:      discardCard(handPos, currentPlayer, state, 0);
    #####: 1194:      return 0;
        -: 1195:		
        -: 1196:    case sea_hag:
    #####: 1197:      for (i = 0; i < state->numPlayers; i++){
    #####: 1198:	if (i != currentPlayer){
    #####: 1199:	  state->discard[i][state->discardCount[i]] = state->deck[i][state->deckCount[i]--];			    state->deckCount[i]--;
    #####: 1200:	  state->discardCount[i]++;
    #####: 1201:	  state->deck[i][state->deckCount[i]--] = curse;//Top card now a curse
        -: 1202:	}
        -: 1203:      }
    #####: 1204:      return 0;
        -: 1205:		
        -: 1206:    case treasure_map:
        -: 1207:      //search hand for another treasure_map
    #####: 1208:      index = -1;
    #####: 1209:      for (i = 0; i < state->handCount[currentPlayer]; i++)
        -: 1210:	{
    #####: 1211:	  if (state->hand[currentPlayer][i] == treasure_map && i != handPos)
        -: 1212:	    {
    #####: 1213:	      index = i;
    #####: 1214:	      break;
        -: 1215:	    }
        -: 1216:	}
    #####: 1217:      if (index > -1)
        -: 1218:	{
        -: 1219:	  //trash both treasure cards
    #####: 1220:	  discardCard(handPos, currentPlayer, state, 1);
    #####: 1221:	  discardCard(index, currentPlayer, state, 1);
        -: 1222:
        -: 1223:	  //gain 4 Gold cards
    #####: 1224:	  for (i = 0; i < 4; i++)
        -: 1225:	    {
    #####: 1226:	      gainCard(gold, state, 1, currentPlayer);
        -: 1227:	    }
        -: 1228:				
        -: 1229:	  //return success
    #####: 1230:	  return 1;
        -: 1231:	}
        -: 1232:			
        -: 1233:      //no second treasure_map found in hand
    #####: 1234:      return -1;
        -: 1235:    }
        -: 1236:	
    #####: 1237:  return -1;
        -: 1238:}
        -: 1239:
      200: 1240:int discardCard(int handPos, int currentPlayer, struct gameState *state, int trashFlag)
        -: 1241:{
        -: 1242:	
        -: 1243:  //if card is not trashed, added to Played pile 
      200: 1244:  if (trashFlag < 1)
        -: 1245:    {
        -: 1246:      //add card to played pile
      200: 1247:      state->playedCards[state->playedCardCount] = state->hand[currentPlayer][handPos]; 
      200: 1248:      state->playedCardCount++;
        -: 1249:    }
        -: 1250:	
        -: 1251:  //set played card to -1
      200: 1252:  state->hand[currentPlayer][handPos] = -1;
        -: 1253:	
        -: 1254:  //remove card from player's hand
      200: 1255:  if ( handPos == (state->handCount[currentPlayer] - 1) ) 	//last card in hand array is played
        -: 1256:    {
        -: 1257:      //reduce number of cards in hand
        6: 1258:      state->handCount[currentPlayer]--;
        -: 1259:    }
      194: 1260:  else if ( state->handCount[currentPlayer] == 1 ) //only one card in hand
        -: 1261:    {
        -: 1262:      //reduce number of cards in hand
    #####: 1263:      state->handCount[currentPlayer]--;
        -: 1264:    }
        -: 1265:  else 	
        -: 1266:    {
        -: 1267:      //replace discarded card with last card in hand
      194: 1268:      state->hand[currentPlayer][handPos] = state->hand[currentPlayer][ (state->handCount[currentPlayer] - 1)];
        -: 1269:      //set last card to -1
      194: 1270:      state->hand[currentPlayer][state->handCount[currentPlayer] - 1] = -1;
        -: 1271:      //reduce number of cards in hand
      194: 1272:      state->handCount[currentPlayer]--;
        -: 1273:    }
        -: 1274:	
      200: 1275:  return 0;
        -: 1276:}
        -: 1277:
    #####: 1278:int gainCard(int supplyPos, struct gameState *state, int toFlag, int player)
        -: 1279:{
        -: 1280:  //Note: supplyPos is enum of choosen card
        -: 1281:	
        -: 1282:  //check if supply pile is empty (0) or card is not used in game (-1)
    #####: 1283:  if ( supplyCount(supplyPos, state) < 1 )
        -: 1284:    {
    #####: 1285:      return -1;
        -: 1286:    }
        -: 1287:	
        -: 1288:  //added card for [whoseTurn] current player:
        -: 1289:  // toFlag = 0 : add to discard
        -: 1290:  // toFlag = 1 : add to deck
        -: 1291:  // toFlag = 2 : add to hand
        -: 1292:
    #####: 1293:  if (toFlag == 1)
        -: 1294:    {
    #####: 1295:      state->deck[ player ][ state->deckCount[player] ] = supplyPos;
    #####: 1296:      state->deckCount[player]++;
        -: 1297:    }
    #####: 1298:  else if (toFlag == 2)
        -: 1299:    {
    #####: 1300:      state->hand[ player ][ state->handCount[player] ] = supplyPos;
    #####: 1301:      state->handCount[player]++;
        -: 1302:    }
        -: 1303:  else
        -: 1304:    {
    #####: 1305:      state->discard[player][ state->discardCount[player] ] = supplyPos;
    #####: 1306:      state->discardCount[player]++;
        -: 1307:    }
        -: 1308:	
        -: 1309:  //decrease number in supply pile
    #####: 1310:  state->supplyCount[supplyPos]--;
        -: 1311:	 
    #####: 1312:  return 0;
        -: 1313:}
        -: 1314:
      200: 1315:int updateCoins(int player, struct gameState *state, int bonus)
        -: 1316:{
        -: 1317:  int i;
        -: 1318:	
        -: 1319:  //reset coin count
      200: 1320:  state->coins = 0;
        -: 1321:
        -: 1322:  //add coins for each Treasure card in player's hand
     1200: 1323:  for (i = 0; i < state->handCount[player]; i++)
        -: 1324:    {
     1000: 1325:      if (state->hand[player][i] == copper)
        -: 1326:	{
      800: 1327:	  state->coins += 1;
        -: 1328:	}
      200: 1329:      else if (state->hand[player][i] == silver)
        -: 1330:	{
    #####: 1331:	  state->coins += 2;
        -: 1332:	}
      200: 1333:      else if (state->hand[player][i] == gold)
        -: 1334:	{
    #####: 1335:	  state->coins += 3;
        -: 1336:	}	
        -: 1337:    }	
        -: 1338:
        -: 1339:  //add bonus
      200: 1340:  state->coins += bonus;
        -: 1341:
      200: 1342:  return 0;
        -: 1343:}
        -: 1344:
        -: 1345:
        -: 1346://end of dominion.c
        -: 1347:
